{
  "RSpec": {
    "coverage": {
      "/Users/apprentice/Desktop/Hackerati/app/helpers/application_helper.rb": [
        1,
        null
      ],
      "/Users/apprentice/Desktop/Hackerati/app/models/auction.rb": [
        1,
        1,
        1,
        null,
        1,
        1,
        null,
        1,
        4,
        1,
        1,
        null,
        null,
        null,
        1,
        3,
        null,
        null,
        null
      ],
      "/Users/apprentice/Desktop/Hackerati/app/models/auctioneer.rb": [
        1,
        1,
        3,
        null,
        null,
        1,
        2,
        2,
        1,
        1,
        1,
        null,
        1,
        null,
        2,
        null,
        null
      ],
      "/Users/apprentice/Desktop/Hackerati/app/models/item.rb": [
        1,
        1,
        1,
        1,
        null,
        1,
        1,
        null,
        1,
        null,
        1,
        0,
        0,
        0,
        null,
        0,
        null,
        null,
        null,
        1,
        0,
        null,
        null
      ],
      "/Users/apprentice/Desktop/Hackerati/app/models/user.rb": [
        1,
        1,
        1,
        1,
        null,
        1,
        1,
        null
      ],
      "/Users/apprentice/Desktop/Hackerati/app/models/bid.rb": [
        1,
        1,
        1,
        null,
        1,
        1,
        1,
        null,
        1,
        1,
        null,
        1,
        4,
        1,
        1,
        null,
        null,
        null,
        1,
        3,
        0,
        0,
        null,
        null,
        null
      ],
      "/Users/apprentice/Desktop/Hackerati/app/models/win.rb": [
        1,
        1,
        1,
        null
      ]
    },
    "timestamp": 1402680947
  }
}
